<?xml version="1.0" encoding="UTF-8"?>
<testsuite name="isAnagramsTest" tests="1" skipped="0" failures="0" errors="0" timestamp="2021-09-30T00:46:37" hostname="ROESNWARE-CC" time="0.014">
  <properties/>
  <testcase name="shouldCompareAnagrams()" classname="isAnagramsTest" time="0.014"/>
  <system-out><![CDATA[]]></system-out>
  <system-err><![CDATA[]]></system-err>
</testsuite>
