<?xml version="1.0" encoding="UTF-8"?>
<testsuite name="isAnagramTest" tests="1" skipped="0" failures="0" errors="0" timestamp="2021-09-30T01:37:24" hostname="ROESNWARE-CC" time="0.013">
  <properties/>
  <testcase name="isAnagram()" classname="isAnagramTest" time="0.013"/>
  <system-out><![CDATA[]]></system-out>
  <system-err><![CDATA[]]></system-err>
</testsuite>
